[23:16:28.147] [INFO] Storybook upgrade - v10.1.4
[23:16:28.161] [INFO] Detecting projects...
[23:16:28.163] [DEBUG] Finding Storybook projects...
[23:16:28.590] [DEBUG] Found 1 Storybook projects
[23:16:28.596] [INFO] Detecting projects: 1 projects
[23:16:28.597] [DEBUG] Getting Storybook data...
[23:16:28.597] [DEBUG] Getting Storybook info...
[23:16:28.921] [INFO] Loading main config failed as the file does not seem to be valid ESM. Trying a temporary fix, please ensure the main config is valid ESM.
[23:16:29.090] [DEBUG] Loading main config...
[23:16:29.090] [DEBUG] Getting stories paths...
[23:16:29.196] [DEBUG] Getting package manager...
[23:16:30.557] [DEBUG] Getting package.json info for /Users/gaganmalik/Development/presto-design-system/design-system/package.json...
[23:16:30.557] [DEBUG] Getting Storybook version...
[23:16:30.559] [DEBUG] /design-system/.storybook - Validating before version... 7.6.20
[23:16:30.559] [DEBUG] /design-system/.storybook - Validating upgrade compatibility...
[23:16:30.559] [DEBUG] /design-system/.storybook - Fetching NPM version information...
[23:16:30.559] [DEBUG] Getting CLI versions from NPM for storybook...
[23:16:30.560] [DEBUG] Executing command: yarn info storybook version --json
[23:16:30.567] [DEBUG] Getting CLI versions from NPM for storybook@next...
[23:16:30.567] [DEBUG] Executing command: yarn info storybook@next version --json
[23:16:33.387] [DEBUG] /design-system/.storybook - Evaluating blockers...
[23:16:33.428] [DEBUG] Getting installed version for @storybook/experimental-addon-test...
[23:16:33.428] [DEBUG] Executing command: yarn list --pattern "@storybook/experimental-addon-test" --json --recursive @storybook/experimental-addon-test
[23:16:37.271] [DEBUG] Installed version for @storybook/experimental-addon-test: null
[23:16:37.271] [INFO] 1 project detected
[23:16:37.272] [DEBUG] Found 1 valid projects and 0 error projects
[23:16:37.272] [INFO] Upgrading from 7.6.20 to 10.1.4
[23:16:37.274] [DEBUG] Updating dependencies in /design-system/.storybook...
[23:16:37.274] [INFO] /design-system/package.json
/package.json
[23:16:37.275] [DEBUG] Using cached package.json for /Users/gaganmalik/Development/presto-design-system/design-system/package.json...
[23:16:37.276] [DEBUG] {
  "upgradedDependencies": []
}
[23:16:37.276] [DEBUG] {
  "upgradedDevDependencies": [
    "@storybook/addon-links@^10.1.4",
    "@storybook/addon-onboarding@10.1.4",
    "@storybook/react@^10.1.4",
    "@storybook/react-webpack5@^10.1.4",
    "storybook@^10.1.4"
  ]
}
[23:16:37.276] [DEBUG] {
  "upgradedPeerDependencies": []
}
[23:16:37.276] [DEBUG] Getting package.json info for /Users/gaganmalik/Development/presto-design-system/design-system/package.json...
[23:16:37.276] [DEBUG] Using cached package.json for /Users/gaganmalik/Development/presto-design-system/design-system/package.json...
[23:16:37.278] [DEBUG] Getting package.json info for /Users/gaganmalik/Development/presto-design-system/design-system/package.json...
[23:16:37.278] [DEBUG] Using cached package.json for /Users/gaganmalik/Development/presto-design-system/design-system/package.json...
[23:16:37.278] [DEBUG] Getting CLI versions from NPM for @storybook/addon-links...
[23:16:37.278] [DEBUG] Executing command: yarn info @storybook/addon-links version --json
[23:16:41.608] [DEBUG] Getting CLI versions from NPM for @storybook/addon-onboarding...
[23:16:41.608] [DEBUG] Executing command: yarn info @storybook/addon-onboarding version --json
[23:16:44.603] [DEBUG] Getting CLI versions from NPM for @storybook/react...
[23:16:44.603] [DEBUG] Executing command: yarn info @storybook/react version --json
[23:16:47.473] [DEBUG] Getting CLI versions from NPM for @storybook/react-webpack5...
[23:16:47.473] [DEBUG] Executing command: yarn info @storybook/react-webpack5 version --json
[23:16:49.978] [DEBUG] Using cached version for storybook...
[23:16:49.979] [DEBUG] Getting package.json info for /Users/gaganmalik/Development/presto-design-system/design-system/package.json...
[23:16:49.979] [DEBUG] Using cached package.json for /Users/gaganmalik/Development/presto-design-system/design-system/package.json...
[23:16:49.979] [DEBUG] Using cached package.json for /Users/gaganmalik/Development/presto-design-system/package.json...
[23:16:49.980] [DEBUG] {
  "upgradedDependencies": []
}
[23:16:49.980] [DEBUG] {
  "upgradedDevDependencies": [
    "@storybook/addon-themes@^10.1.4"
  ]
}
[23:16:49.980] [DEBUG] {
  "upgradedPeerDependencies": []
}
[23:16:49.980] [DEBUG] Getting package.json info for /Users/gaganmalik/Development/presto-design-system/package.json...
[23:16:49.980] [DEBUG] Using cached package.json for /Users/gaganmalik/Development/presto-design-system/package.json...
[23:16:49.981] [DEBUG] Getting package.json info for /Users/gaganmalik/Development/presto-design-system/package.json...
[23:16:49.981] [DEBUG] Using cached package.json for /Users/gaganmalik/Development/presto-design-system/package.json...
[23:16:49.981] [DEBUG] Getting CLI versions from NPM for @storybook/addon-themes...
[23:16:49.981] [DEBUG] Executing command: yarn info @storybook/addon-themes version --json
[23:16:53.539] [DEBUG] Getting package.json info for /Users/gaganmalik/Development/presto-design-system/package.json...
[23:16:53.539] [DEBUG] Using cached package.json for /Users/gaganmalik/Development/presto-design-system/package.json...
[23:16:53.541] [INFO] Updated package versions in package.json files
[23:16:53.544] [DEBUG] Starting automigration collection across 1 projects and 19 fixes...
[23:16:53.544] [INFO] Checking automigrations for /design-system/.storybook...
[23:16:53.545] [DEBUG] Processing project: /design-system/.storybook
[23:16:53.545] [DEBUG] Checking fix eslintPlugin for project /design-system/.storybook...
[23:16:53.546] [DEBUG] Using cached package.json for /Users/gaganmalik/Development/presto-design-system/design-system/package.json...
[23:16:53.546] [DEBUG] Using cached package.json for /Users/gaganmalik/Development/presto-design-system/package.json...
[23:16:53.546] [DEBUG] Using cached package.json for /Users/gaganmalik/Development/presto-design-system/design-system/package.json...
[23:16:53.548] [DEBUG] Checking fix addon-mdx-gfm-remove for project /design-system/.storybook...
[23:16:53.549] [DEBUG] Using cached package.json for /Users/gaganmalik/Development/presto-design-system/design-system/package.json...
[23:16:53.549] [DEBUG] Using cached package.json for /Users/gaganmalik/Development/presto-design-system/package.json...
[23:16:53.549] [DEBUG] Checking fix addon-storysource-code-panel for project /design-system/.storybook...
[23:16:53.549] [DEBUG] Checking fix upgrade-storybook-related-dependencies for project /design-system/.storybook...
[23:16:53.550] [DEBUG] Checking for incompatible storybook packages...
[23:16:53.550] [DEBUG] Using cached package.json for /Users/gaganmalik/Development/presto-design-system/design-system/package.json...
[23:16:53.550] [DEBUG] Using cached package.json for /Users/gaganmalik/Development/presto-design-system/package.json...
[23:16:53.564] [DEBUG] Using cached package.json for /Users/gaganmalik/Development/presto-design-system/design-system/package.json...
[23:16:53.564] [DEBUG] Using cached package.json for /Users/gaganmalik/Development/presto-design-system/package.json...
[23:16:53.565] [DEBUG] Getting installed version for @storybook/addons...
[23:16:53.566] [DEBUG] Executing command: yarn list --pattern "@storybook/addons" --json --recursive @storybook/addons
[23:16:53.575] [DEBUG] Getting installed version for @storybook/addon-essentials...
[23:16:53.575] [DEBUG] Executing command: yarn list --pattern "@storybook/addon-essentials" --json --recursive @storybook/addon-essentials
[23:16:53.586] [DEBUG] Getting installed version for @storybook/addon-interactions...
[23:16:53.587] [DEBUG] Executing command: yarn list --pattern "@storybook/addon-interactions" --json --recursive @storybook/addon-interactions
[23:16:53.600] [DEBUG] Getting installed version for @storybook/addon-postcss...
[23:16:53.600] [DEBUG] Executing command: yarn list --pattern "@storybook/addon-postcss" --json --recursive @storybook/addon-postcss
[23:16:53.615] [DEBUG] Getting installed version for @storybook/blocks...
[23:16:53.615] [DEBUG] Executing command: yarn list --pattern "@storybook/blocks" --json --recursive @storybook/blocks
[23:16:53.629] [DEBUG] Getting installed version for @storybook/test...
[23:16:53.629] [DEBUG] Executing command: yarn list --pattern "@storybook/test" --json --recursive @storybook/test
[23:17:09.852] [DEBUG] Installed version for @storybook/addon-essentials: null
[23:17:09.852] [DEBUG] Getting CLI versions from NPM for @storybook/addon-essentials...
[23:17:09.852] [DEBUG] Executing command: yarn info @storybook/addon-essentials version --json
[23:17:09.922] [DEBUG] Installed version for @storybook/addons: null
[23:17:09.922] [DEBUG] Getting CLI versions from NPM for @storybook/addons...
[23:17:09.922] [DEBUG] Executing command: yarn info @storybook/addons version --json
[23:17:10.110] [DEBUG] Installed version for @storybook/addon-interactions: null
[23:17:10.110] [DEBUG] Getting CLI versions from NPM for @storybook/addon-interactions...
[23:17:10.110] [DEBUG] Executing command: yarn info @storybook/addon-interactions version --json
[23:17:10.124] [DEBUG] Installed version for @storybook/addon-postcss: null
[23:17:10.124] [DEBUG] Getting CLI versions from NPM for @storybook/addon-postcss...
[23:17:10.125] [DEBUG] Executing command: yarn info @storybook/addon-postcss version --json
[23:17:10.183] [DEBUG] Installed version for @storybook/blocks: null
[23:17:10.183] [DEBUG] Getting CLI versions from NPM for @storybook/blocks...
[23:17:10.183] [DEBUG] Executing command: yarn info @storybook/blocks version --json
[23:17:10.334] [DEBUG] Installed version for @storybook/test: null
[23:17:10.334] [DEBUG] Getting CLI versions from NPM for @storybook/test...
[23:17:10.334] [DEBUG] Executing command: yarn info @storybook/test version --json
[23:17:14.917] [DEBUG] Checking fix initial-globals for project /design-system/.storybook...
[23:17:15.066] [DEBUG] Checking fix addon-globals-api for project /design-system/.storybook...
[23:17:15.132] [DEBUG] Checking fix addon-a11y-addon-test for project /design-system/.storybook...
[23:17:15.132] [DEBUG] Checking fix consolidated-imports for project /design-system/.storybook...
[23:17:15.134] [DEBUG] Checking fix addon-experimental-test for project /design-system/.storybook...
[23:17:15.135] [DEBUG] Using cached installed version for @storybook/experimental-addon-test...
[23:17:15.135] [DEBUG] Checking fix rnstorybook-config for project /design-system/.storybook...
[23:17:15.135] [DEBUG] Using cached package.json for /Users/gaganmalik/Development/presto-design-system/design-system/package.json...
[23:17:15.135] [DEBUG] Using cached package.json for /Users/gaganmalik/Development/presto-design-system/package.json...
[23:17:15.135] [DEBUG] Checking fix migrate-addon-console for project /design-system/.storybook...
[23:17:15.135] [DEBUG] Using cached package.json for /Users/gaganmalik/Development/presto-design-system/design-system/package.json...
[23:17:15.135] [DEBUG] Using cached package.json for /Users/gaganmalik/Development/presto-design-system/package.json...
[23:17:15.136] [DEBUG] Checking fix nextjs-to-nextjs-vite for project /design-system/.storybook...
[23:17:15.136] [DEBUG] Using cached package.json for /Users/gaganmalik/Development/presto-design-system/design-system/package.json...
[23:17:15.136] [DEBUG] Using cached package.json for /Users/gaganmalik/Development/presto-design-system/package.json...
[23:17:15.136] [DEBUG] Checking fix remove-addon-interactions for project /design-system/.storybook...
[23:17:15.136] [DEBUG] Using cached package.json for /Users/gaganmalik/Development/presto-design-system/design-system/package.json...
[23:17:15.136] [DEBUG] Using cached package.json for /Users/gaganmalik/Development/presto-design-system/package.json...
[23:17:15.136] [DEBUG] Checking fix renderer-to-framework for project /design-system/.storybook...
[23:17:15.140] [DEBUG] Checking fix remove-essential-addons for project /design-system/.storybook...
[23:17:15.141] [DEBUG] Using cached package.json for /Users/gaganmalik/Development/presto-design-system/design-system/package.json...
[23:17:15.141] [DEBUG] Using cached package.json for /Users/gaganmalik/Development/presto-design-system/package.json...
[23:17:15.141] [DEBUG] Checking fix addon-a11y-parameters for project /design-system/.storybook...
[23:17:15.142] [DEBUG] Checking fix remove-docs-autodocs for project /design-system/.storybook...
[23:17:15.160] [DEBUG] Checking fix wrap-getAbsolutePath for project /design-system/.storybook...
[23:17:15.184] [DEBUG] Checking fix fix-faux-esm-require for project /design-system/.storybook...
[23:17:15.187] [INFO] 
Automigrations detected:
[23:17:15.188] [INFO] âœ” addon-globals-api
[23:17:15.191] [INFO] âœ” consolidated-imports
[23:17:15.191] [INFO] âœ” remove-addon-interactions
[23:17:15.192] [INFO] âœ” renderer-to-framework
[23:17:15.192] [INFO] âœ” remove-essential-addons
[23:17:15.192] [INFO] âœ” remove-docs-autodocs
[23:17:15.193] [INFO] âœ” wrap-getAbsolutePath
[23:17:15.193] [INFO] âœ” fix-faux-esm-require
[23:17:15.193] [INFO] 8 automigration(s) detected
[23:17:15.194] [INFO] Running all detected automigrations:
[23:17:15.195] [INFO]   - addon-globals-api (/design-system/.storybook)
[23:17:15.195] [INFO]   - consolidated-imports (/design-system/.storybook)
[23:17:15.195] [INFO]   - remove-addon-interactions (/design-system/.storybook)
[23:17:15.198] [INFO]   - renderer-to-framework (/design-system/.storybook)
[23:17:15.198] [INFO]   - remove-essential-addons (/design-system/.storybook)
[23:17:15.198] [INFO]   - remove-docs-autodocs (/design-system/.storybook)
[23:17:15.199] [INFO]   - wrap-getAbsolutePath (/design-system/.storybook)
[23:17:15.199] [INFO]   - fix-faux-esm-require (/design-system/.storybook)
[23:17:17.997] [INFO] âœ” addon-globals-api
[23:17:18.128] [INFO] âœ” consolidated-imports
[23:17:18.134] [DEBUG] Uninstalling @storybook/addon-interactions
[23:17:18.135] [DEBUG] Using cached package.json for /Users/gaganmalik/Development/presto-design-system/design-system/package.json...
[23:17:18.136] [DEBUG] Removing '@storybook/addon-interactions' from main.js addons field.
[23:17:18.143] [INFO] âœ” remove-addon-interactions
[23:17:18.144] [DEBUG] 
Migrating @storybook/react to @storybook/react-webpack5
[23:17:18.233] [DEBUG] Updating package.json files...
[23:17:18.244] [INFO] âœ” renderer-to-framework
[23:17:18.251] [DEBUG] Uninstalling @storybook/addon-essentials
[23:17:18.251] [DEBUG] Using cached package.json for /Users/gaganmalik/Development/presto-design-system/design-system/package.json...
[23:17:18.252] [DEBUG] Removing '@storybook/addon-essentials' from main.js addons field.
[23:17:18.351] [DEBUG] Getting Storybook info...
[23:17:18.374] [INFO] Loading main config failed as the file does not seem to be valid ESM. Trying a temporary fix, please ensure the main config is valid ESM.
[23:17:18.396] [DEBUG] Loading main config...
[23:17:18.396] [DEBUG] Getting stories paths...
[23:17:18.406] [DEBUG] Getting package manager...
[23:17:18.612] [DEBUG] Getting package.json info for /Users/gaganmalik/Development/presto-design-system/design-system/package.json...
[23:17:18.612] [DEBUG] Getting Storybook version...
[23:17:18.617] [INFO] Verifying @storybook/addon-docs
[23:17:18.618] [DEBUG] Getting dependency version for storybook...
[23:17:18.618] [DEBUG] Using cached package.json for /Users/gaganmalik/Development/presto-design-system/design-system/package.json...
[23:17:18.619] [DEBUG] Using cached package.json for /Users/gaganmalik/Development/presto-design-system/package.json...
[23:17:18.619] [INFO] Installing @storybook/addon-docs@^10.1.4
[23:17:18.619] [DEBUG] Using cached package.json for /Users/gaganmalik/Development/presto-design-system/design-system/package.json...
[23:17:18.619] [DEBUG] Getting CLI versions from NPM for @storybook/addon-docs...
[23:17:18.619] [DEBUG] Executing command: yarn info @storybook/addon-docs version --json
[23:17:22.947] [INFO] Adding '@storybook/addon-docs' to the "addons" field in /Users/gaganmalik/Development/presto-design-system/design-system/.storybook/main.ts
[23:17:22.981] [INFO] âœ” remove-essential-addons
[23:17:23.035] [INFO] âœ” remove-docs-autodocs
[23:17:23.069] [INFO] âœ” wrap-getAbsolutePath
[23:17:23.088] [INFO] âœ” fix-faux-esm-require
[23:17:23.088] [INFO] Completed automigrations for /design-system/.storybook
[23:17:23.089] [INFO] Installing dependencies...
[23:17:23.089] [INFO] Installing dependencies...
[23:17:23.090] [DEBUG] Executing command: yarn install --ignore-workspace-root-check
[23:17:24.906] [INFO] Installing dependencies...: yarn install v1.22.22

[23:17:24.906] [INFO] Installing dependencies...: yarn install v1.22.22
[23:17:25.477] [INFO] Installing dependencies...: [1/4] Resolving packages...

[23:17:25.477] [INFO] Installing dependencies...: [1/4] Resolving packages.
[23:17:31.494] [INFO] Installing dependencies...: [2/4] Fetching packages...

[23:17:31.494] [INFO] Installing dependencies...: [2/4] Fetching packages..
[23:18:13.322] [INFO] Installing dependencies...: info Visit https://yarnpkg.com/en/docs/cli/install for documentation about this command.

[23:18:13.322] [INFO] Installing dependencies...: info Visit https://yarnpk
[23:18:13.443] [ERROR] Installation of dependencies failed! {"error":"Error: Command failed with exit code 1: yarn install --ignore-workspace-root-check\nwarning package-lock.json found. Your project contains lock files generated by tools other than Yarn. It is advised not to mix package managers in order to avoid resolution inconsistencies caused by unsynchronized lock files. To clear this warning, remove package-lock.json.\nerror react-docgen@8.0.2: The engine \"node\" is incompatible with this module. Expected version \"^20.9.0 || >=22\". Got \"21.7.2\"\nerror Found incompatible module.\nyarn install v1.22.22\n[1/4] Resolving packages...\n[2/4] Fetching packages...\ninfo Visit https://yarnpkg.com/en/docs/cli/install for documentation about this command.\n    at makeError (file:///Users/gaganmalik/.npm/_npx/3d02af3ae01a29b3/node_modules/storybook/dist/_node-chunks/chunk-QZJSO2TW.js:12911:95)\n    at file:///Users/gaganmalik/.npm/_npx/3d02af3ae01a29b3/node_modules/storybook/dist/_node-chunks/chunk-QZJSO2TW.js:13485:27\n    at process.processTicksAndRejections (node:internal/process/task_queues:95:5)\n    at async Object.executeTaskWithSpinner (file:///Users/gaganmalik/.npm/_npx/3d02af3ae01a29b3/node_modules/storybook/dist/_node-chunks/chunk-VUIYVJKC.js:3701:11)\n    at async Yarn1Proxy.installDependencies (file:///Users/gaganmalik/.npm/_npx/3d02af3ae01a29b3/node_modules/storybook/dist/_node-chunks/chunk-QZJSO2TW.js:11259:5)\n    at async upgrade (file:///Users/gaganmalik/.npm/_npx/3d02af3ae01a29b3/node_modules/@storybook/cli/dist/_node-chunks/run-7KXREMXI.js:9414:103)\n    at async file:///Users/gaganmalik/.npm/_npx/3d02af3ae01a29b3/node_modules/@storybook/cli/dist/_node-chunks/run-7KXREMXI.js:9549:70\n    at async withTelemetry (file:///Users/gaganmalik/.npm/_npx/3d02af3ae01a29b3/node_modules/storybook/dist/_node-chunks/chunk-6KX7N5UF.js:205:12)\n    at async Command.<anonymous> (file:///Users/gaganmalik/.npm/_npx/3d02af3ae01a29b3/node_modules/@storybook/cli/dist/_node-chunks/run-7KXREMXI.js:9545:3)"}
[23:18:13.444] [ERROR] Installation of dependencies failed!
[23:18:13.444] [ERROR] [38;2;241;97;97mError: Command failed with exit code 1: yarn install --ignore-workspace-root-check
warning package-lock.json found. Your project contains lock files generated by tools other than Yarn. It is advised not to mix package managers in order to avoid resolution inconsistencies caused by unsynchronized lock files. To clear this warning, remove package-lock.json.
error react-docgen@8.0.2: The engine "node" is incompatible with this module. Expected version "^20.9.0 || >=22". Got "21.7.2"
error Found incompatible module.
yarn install v1.22.22
[1/4] Resolving packages...
[2/4] Fetching packages...
info Visit https://yarnpkg.com/en/docs/cli/install for documentation about this command.[39m
    at makeError (file:///Users/gaganmalik/.npm/_npx/3d02af3ae01a29b3/node_modules/storybook/dist/_node-chunks/chunk-QZJSO2TW.js:12911:95)
    at file:///Users/gaganmalik/.npm/_npx/3d02af3ae01a29b3/node_modules/storybook/dist/_node-chunks/chunk-QZJSO2TW.js:13485:27
    at process.processTicksAndRejections (node:internal/process/task_queues:95:5)
    at async Object.executeTaskWithSpinner (file:///Users/gaganmalik/.npm/_npx/3d02af3ae01a29b3/node_modules/storybook/dist/_node-chunks/chunk-VUIYVJKC.js:3701:11)
    at async Yarn1Proxy.installDependencies (file:///Users/gaganmalik/.npm/_npx/3d02af3ae01a29b3/node_modules/storybook/dist/_node-chunks/chunk-QZJSO2TW.js:11259:5)
    at async upgrade (file:///Users/gaganmalik/.npm/_npx/3d02af3ae01a29b3/node_modules/@storybook/cli/dist/_node-chunks/run-7KXREMXI.js:9414:103)
    at async file:///Users/gaganmalik/.npm/_npx/3d02af3ae01a29b3/node_modules/@storybook/cli/dist/_node-chunks/run-7KXREMXI.js:9549:70
    at async withTelemetry (file:///Users/gaganmalik/.npm/_npx/3d02af3ae01a29b3/node_modules/storybook/dist/_node-chunks/chunk-6KX7N5UF.js:205:12)
    at async Command.<anonymous> (file:///Users/gaganmalik/.npm/_npx/3d02af3ae01a29b3/node_modules/@storybook/cli/dist/_node-chunks/run-7KXREMXI.js:9545:3)
[23:18:13.453] [INFO] Storybook collects completely anonymous usage telemetry. We use it to shape Storybook's roadmap and prioritize features. You can learn more, including how to opt out, at https://storybook.js.org/telemetry
[23:18:13.473] [INFO] Loading main config failed as the file does not seem to be valid ESM. Trying a temporary fix, please ensure the main config is valid ESM.
[23:18:14.467] [INFO] Loading main config failed as the file does not seem to be valid ESM. Trying a temporary fix, please ensure the main config is valid ESM.
[23:18:14.551] [INFO] Loading main config failed as the file does not seem to be valid ESM. Trying a temporary fix, please ensure the main config is valid ESM.
[23:18:15.345] [ERROR] Error: Command failed with exit code 1: yarn install --ignore-workspace-root-check
warning package-lock.json found. Your project contains lock files generated by tools other than Yarn. It is advised not to mix package managers in order to avoid resolution inconsistencies caused by unsynchronized lock files. To clear this warning, remove package-lock.json.
error react-docgen@8.0.2: The engine "node" is incompatible with this module. Expected version "^20.9.0 || >=22". Got "21.7.2"
error Found incompatible module.
yarn install v1.22.22
[1/4] Resolving packages...
[2/4] Fetching packages...
info Visit https://yarnpkg.com/en/docs/cli/install for documentation about this command.